Handling lib "rpc-uart"...
Handling lib "wifi"...
Handling lib "rpc-service-config"...
Handling lib "rpc-service-fs"...
Handling lib "ca-bundle"...
The --lib flag was not given for it, checking repository
The --lib flag was not given for it, checking repository
The --lib flag was not given for it, checking repository
The --lib flag was not given for it, checking repository
The --lib flag was not given for it, checking repository
Prebuilt binary for "rpc-service-config" already exists
Prepared local dir: "/fwbuild-volumes/2.0/apps/ex1/esp32/build_contexts/build_ctx_793651398/libs/rpc-service-config"
Prebuilt binary for "rpc-service-fs" already exists
Prepared local dir: "/fwbuild-volumes/2.0/apps/ex1/esp32/build_contexts/build_ctx_793651398/libs/rpc-service-fs"
Handling lib "rpc-common"...
The --lib flag was not given for it, checking repository
Lib "rpc-common" is already handled, skipping
Prebuilt binary for "rpc-uart" already exists
Prepared local dir: "/fwbuild-volumes/2.0/apps/ex1/esp32/build_contexts/build_ctx_793651398/libs/rpc-uart"
Lib "rpc-common" is already handled, skipping
Prebuilt binary for "ca-bundle" already exists
Prepared local dir: "/fwbuild-volumes/2.0/apps/ex1/esp32/build_contexts/build_ctx_793651398/libs/ca-bundle"
Handling lib "mongoose"...
The --lib flag was not given for it, checking repository
Prebuilt binary for "mongoose" already exists
Prepared local dir: "/fwbuild-volumes/2.0/apps/ex1/esp32/build_contexts/build_ctx_793651398/libs/mongoose"
Falling back to sources for "rpc-common" (failed to fetch prebuilt binary: got 404 status code when accessed https://github.com/mongoose-os-libs/rpc-common/releases/download/2.0/librpc-common-esp32.a)
Prepared local dir: "/fwbuild-volumes/2.0/apps/ex1/esp32/build_contexts/build_ctx_793651398/libs/rpc-common"
Lib "http-server" is optional, skipping
Falling back to sources for "wifi" (failed to fetch prebuilt binary: got 404 status code when accessed https://github.com/mongoose-os-libs/wifi/releases/download/2.0/libwifi-esp32.a)
Prepared local dir: "/fwbuild-volumes/2.0/apps/ex1/esp32/build_contexts/build_ctx_793651398/libs/wifi"
Lib "mongoose" is already handled, skipping
The flag --repo is not given, going to use mongoose-os repository
Sources: [/fwbuild-volumes/2.0/apps/ex1/esp32/build_contexts/build_ctx_793651398/src/main.c /fwbuild-volumes/2.0/apps/ex1/esp32/build_contexts/build_ctx_793651398/build/gen/mgos_deps_init.c /fwbuild-volumes/2.0/apps/ex1/esp32/build_contexts/build_ctx_793651398/libs/ca-bundle/src/mgos_ca_bundle.c /fwbuild-volumes/2.0/apps/ex1/esp32/build_contexts/build_ctx_793651398/libs/rpc-common/src/mg_rpc/mg_rpc.c /fwbuild-volumes/2.0/apps/ex1/esp32/build_contexts/build_ctx_793651398/libs/rpc-common/src/mg_rpc/mg_rpc_channel.c /fwbuild-volumes/2.0/apps/ex1/esp32/build_contexts/build_ctx_793651398/libs/rpc-common/src/mg_rpc/mg_rpc_channel_http.c /fwbuild-volumes/2.0/apps/ex1/esp32/build_contexts/build_ctx_793651398/libs/rpc-common/src/mg_rpc/mg_rpc_channel_ws.c /fwbuild-volumes/2.0/apps/ex1/esp32/build_contexts/build_ctx_793651398/libs/rpc-common/src/mgos_rpc.c /fwbuild-volumes/2.0/apps/ex1/esp32/build_contexts/build_ctx_793651398/libs/rpc-service-config/src/mgos_service_config.c /fwbuild-volumes/2.0/apps/ex1/esp32/build_contexts/build_ctx_793651398/libs/rpc-service-fs/src/mgos_service_filesystem.c /fwbuild-volumes/2.0/apps/ex1/esp32/build_contexts/build_ctx_793651398/libs/rpc-uart/src/mgos_rpc_channel_uart.c /fwbuild-volumes/2.0/apps/ex1/esp32/build_contexts/build_ctx_793651398/libs/wifi/src/mgos_wifi.c /fwbuild-volumes/2.0/apps/ex1/esp32/build_contexts/build_ctx_793651398/libs/wifi/src/mjs_wifi.c /fwbuild-volumes/2.0/apps/ex1/esp32/build_contexts/build_ctx_793651398/libs/wifi/esp32/src/esp32_wifi.c]
Include dirs: [/fwbuild-volumes/2.0/apps/ex1/esp32/build_contexts/build_ctx_793651398/libs/mongoose/include /fwbuild-volumes/2.0/apps/ex1/esp32/build_contexts/build_ctx_793651398/libs/rpc-common/include/mg_rpc /fwbuild-volumes/2.0/apps/ex1/esp32/build_contexts/build_ctx_793651398/libs/rpc-common/include /fwbuild-volumes/2.0/apps/ex1/esp32/build_contexts/build_ctx_793651398/libs/rpc-service-config/include /fwbuild-volumes/2.0/apps/ex1/esp32/build_contexts/build_ctx_793651398/libs/rpc-service-fs/include /fwbuild-volumes/2.0/apps/ex1/esp32/build_contexts/build_ctx_793651398/libs/rpc-uart/include /fwbuild-volumes/2.0/apps/ex1/esp32/build_contexts/build_ctx_793651398/libs/wifi/include /fwbuild-volumes/2.0/apps/ex1/esp32/build_contexts/build_ctx_793651398/libs/wifi/esp32/include]
Binary libs: [/fwbuild-volumes/2.0/apps/ex1/esp32/build_contexts/build_ctx_793651398/libs/mongoose/lib/esp32/libmongoose.a]
Building...
mount from "/fwbuild-volumes/2.0/apps/ex1/esp32/build_contexts/build_ctx_793651398" to "/app"
mount from "/fwbuild-volumes/2.0/apps/ex1/esp32/build_contexts/build_ctx_793651398/modules/mongoose-os" to "/mongoose-os"
mount from "/fwbuild-volumes/2.0/apps/ex1/esp32/build_contexts/build_ctx_793651398/modules/mongoose-os" to "/fwbuild-volumes/2.0/apps/ex1/esp32/build_contexts/build_ctx_793651398/modules/mongoose-os"
mount from "/fwbuild-volumes/2.0/apps/ex1/esp32/build_contexts/build_ctx_793651398/build" to "/fwbuild-volumes/2.0/apps/ex1/esp32/build_contexts/build_ctx_793651398/build"
mount from "/fwbuild-volumes/2.0/apps/ex1/esp32/build_contexts/build_ctx_793651398/src" to "/fwbuild-volumes/2.0/apps/ex1/esp32/build_contexts/build_ctx_793651398/src"
mount from "/fwbuild-volumes/2.0/apps/ex1/esp32/build_contexts/build_ctx_793651398/build/gen" to "/fwbuild-volumes/2.0/apps/ex1/esp32/build_contexts/build_ctx_793651398/build/gen"
mount from "/fwbuild-volumes/2.0/apps/ex1/esp32/build_contexts/build_ctx_793651398/libs/ca-bundle/src" to "/fwbuild-volumes/2.0/apps/ex1/esp32/build_contexts/build_ctx_793651398/libs/ca-bundle/src"
mount from "/fwbuild-volumes/2.0/apps/ex1/esp32/build_contexts/build_ctx_793651398/libs/rpc-common/src/mg_rpc" to "/fwbuild-volumes/2.0/apps/ex1/esp32/build_contexts/build_ctx_793651398/libs/rpc-common/src/mg_rpc"
mount from "/fwbuild-volumes/2.0/apps/ex1/esp32/build_contexts/build_ctx_793651398/libs/rpc-common/src" to "/fwbuild-volumes/2.0/apps/ex1/esp32/build_contexts/build_ctx_793651398/libs/rpc-common/src"
mount from "/fwbuild-volumes/2.0/apps/ex1/esp32/build_contexts/build_ctx_793651398/libs/rpc-service-config/src" to "/fwbuild-volumes/2.0/apps/ex1/esp32/build_contexts/build_ctx_793651398/libs/rpc-service-config/src"
mount from "/fwbuild-volumes/2.0/apps/ex1/esp32/build_contexts/build_ctx_793651398/libs/rpc-service-fs/src" to "/fwbuild-volumes/2.0/apps/ex1/esp32/build_contexts/build_ctx_793651398/libs/rpc-service-fs/src"
mount from "/fwbuild-volumes/2.0/apps/ex1/esp32/build_contexts/build_ctx_793651398/libs/rpc-uart/src" to "/fwbuild-volumes/2.0/apps/ex1/esp32/build_contexts/build_ctx_793651398/libs/rpc-uart/src"
mount from "/fwbuild-volumes/2.0/apps/ex1/esp32/build_contexts/build_ctx_793651398/libs/wifi/src" to "/fwbuild-volumes/2.0/apps/ex1/esp32/build_contexts/build_ctx_793651398/libs/wifi/src"
mount from "/fwbuild-volumes/2.0/apps/ex1/esp32/build_contexts/build_ctx_793651398/libs/wifi/esp32/src" to "/fwbuild-volumes/2.0/apps/ex1/esp32/build_contexts/build_ctx_793651398/libs/wifi/esp32/src"
mount from "/fwbuild-volumes/2.0/apps/ex1/esp32/build_contexts/build_ctx_793651398/libs/mongoose/include" to "/fwbuild-volumes/2.0/apps/ex1/esp32/build_contexts/build_ctx_793651398/libs/mongoose/include"
mount from "/fwbuild-volumes/2.0/apps/ex1/esp32/build_contexts/build_ctx_793651398/libs/rpc-common/include/mg_rpc" to "/fwbuild-volumes/2.0/apps/ex1/esp32/build_contexts/build_ctx_793651398/libs/rpc-common/include/mg_rpc"
mount from "/fwbuild-volumes/2.0/apps/ex1/esp32/build_contexts/build_ctx_793651398/libs/rpc-common/include" to "/fwbuild-volumes/2.0/apps/ex1/esp32/build_contexts/build_ctx_793651398/libs/rpc-common/include"
mount from "/fwbuild-volumes/2.0/apps/ex1/esp32/build_contexts/build_ctx_793651398/libs/rpc-service-config/include" to "/fwbuild-volumes/2.0/apps/ex1/esp32/build_contexts/build_ctx_793651398/libs/rpc-service-config/include"
mount from "/fwbuild-volumes/2.0/apps/ex1/esp32/build_contexts/build_ctx_793651398/libs/rpc-service-fs/include" to "/fwbuild-volumes/2.0/apps/ex1/esp32/build_contexts/build_ctx_793651398/libs/rpc-service-fs/include"
mount from "/fwbuild-volumes/2.0/apps/ex1/esp32/build_contexts/build_ctx_793651398/libs/rpc-uart/include" to "/fwbuild-volumes/2.0/apps/ex1/esp32/build_contexts/build_ctx_793651398/libs/rpc-uart/include"
mount from "/fwbuild-volumes/2.0/apps/ex1/esp32/build_contexts/build_ctx_793651398/libs/wifi/include" to "/fwbuild-volumes/2.0/apps/ex1/esp32/build_contexts/build_ctx_793651398/libs/wifi/include"
mount from "/fwbuild-volumes/2.0/apps/ex1/esp32/build_contexts/build_ctx_793651398/libs/wifi/esp32/include" to "/fwbuild-volumes/2.0/apps/ex1/esp32/build_contexts/build_ctx_793651398/libs/wifi/esp32/include"
mount from "/fwbuild-volumes/2.0/apps/ex1/esp32/build_contexts/build_ctx_793651398/libs/ca-bundle/fs" to "/fwbuild-volumes/2.0/apps/ex1/esp32/build_contexts/build_ctx_793651398/libs/ca-bundle/fs"
mount from "/fwbuild-volumes/2.0/apps/ex1/esp32/build_contexts/build_ctx_793651398/fs" to "/fwbuild-volumes/2.0/apps/ex1/esp32/build_contexts/build_ctx_793651398/fs"
mount from "/fwbuild-volumes/2.0/apps/ex1/esp32/build_contexts/build_ctx_793651398/libs/mongoose/lib/esp32" to "/fwbuild-volumes/2.0/apps/ex1/esp32/build_contexts/build_ctx_793651398/libs/mongoose/lib/esp32"
mount from "/fwbuild-volumes/2.0/apps/ex1/esp32/build_contexts/build_ctx_793651398/build/gen" to "/fwbuild-volumes/2.0/apps/ex1/esp32/build_contexts/build_ctx_793651398/build/gen"
Docker arguments: run --name mos_build_2018-04-14T00-09-19-00_1500094320284199886 --rm -i -v /fwbuild-volumes/2.0/apps/ex1/esp32/build_contexts/build_ctx_793651398/libs/rpc-service-config/include:/fwbuild-volumes/2.0/apps/ex1/esp32/build_contexts/build_ctx_793651398/libs/rpc-service-config/include -v /fwbuild-volumes/2.0/apps/ex1/esp32/build_contexts/build_ctx_793651398:/app -v /fwbuild-volumes/2.0/apps/ex1/esp32/build_contexts/build_ctx_793651398/src:/fwbuild-volumes/2.0/apps/ex1/esp32/build_contexts/build_ctx_793651398/src -v /fwbuild-volumes/2.0/apps/ex1/esp32/build_contexts/build_ctx_793651398/libs/rpc-common/src/mg_rpc:/fwbuild-volumes/2.0/apps/ex1/esp32/build_contexts/build_ctx_793651398/libs/rpc-common/src/mg_rpc -v /fwbuild-volumes/2.0/apps/ex1/esp32/build_contexts/build_ctx_793651398/libs/rpc-service-config/src:/fwbuild-volumes/2.0/apps/ex1/esp32/build_contexts/build_ctx_793651398/libs/rpc-service-config/src -v /fwbuild-volumes/2.0/apps/ex1/esp32/build_contexts/build_ctx_793651398/libs/rpc-service-fs/src:/fwbuild-volumes/2.0/apps/ex1/esp32/build_contexts/build_ctx_793651398/libs/rpc-service-fs/src -v /fwbuild-volumes/2.0/apps/ex1/esp32/build_contexts/build_ctx_793651398/libs/rpc-uart/src:/fwbuild-volumes/2.0/apps/ex1/esp32/build_contexts/build_ctx_793651398/libs/rpc-uart/src -v /fwbuild-volumes/2.0/apps/ex1/esp32/build_contexts/build_ctx_793651398/libs/rpc-common/include/mg_rpc:/fwbuild-volumes/2.0/apps/ex1/esp32/build_contexts/build_ctx_793651398/libs/rpc-common/include/mg_rpc -v /fwbuild-volumes/2.0/apps/ex1/esp32/build_contexts/build_ctx_793651398/libs/rpc-service-fs/include:/fwbuild-volumes/2.0/apps/ex1/esp32/build_contexts/build_ctx_793651398/libs/rpc-service-fs/include -v /fwbuild-volumes/2.0/apps/ex1/esp32/build_contexts/build_ctx_793651398/libs/rpc-uart/include:/fwbuild-volumes/2.0/apps/ex1/esp32/build_contexts/build_ctx_793651398/libs/rpc-uart/include -v /fwbuild-volumes/2.0/apps/ex1/esp32/build_contexts/build_ctx_793651398/libs/wifi/include:/fwbuild-volumes/2.0/apps/ex1/esp32/build_contexts/build_ctx_793651398/libs/wifi/include -v /fwbuild-volumes/2.0/apps/ex1/esp32/build_contexts/build_ctx_793651398/fs:/fwbuild-volumes/2.0/apps/ex1/esp32/build_contexts/build_ctx_793651398/fs -v /fwbuild-volumes/2.0/apps/ex1/esp32/build_contexts/build_ctx_793651398/build:/fwbuild-volumes/2.0/apps/ex1/esp32/build_contexts/build_ctx_793651398/build -v /fwbuild-volumes/2.0/apps/ex1/esp32/build_contexts/build_ctx_793651398/libs/ca-bundle/src:/fwbuild-volumes/2.0/apps/ex1/esp32/build_contexts/build_ctx_793651398/libs/ca-bundle/src -v /fwbuild-volumes/2.0/apps/ex1/esp32/build_contexts/build_ctx_793651398/libs/rpc-common/src:/fwbuild-volumes/2.0/apps/ex1/esp32/build_contexts/build_ctx_793651398/libs/rpc-common/src -v /fwbuild-volumes/2.0/apps/ex1/esp32/build_contexts/build_ctx_793651398/libs/ca-bundle/fs:/fwbuild-volumes/2.0/apps/ex1/esp32/build_contexts/build_ctx_793651398/libs/ca-bundle/fs -v /fwbuild-volumes/2.0/apps/ex1/esp32/build_contexts/build_ctx_793651398/modules/mongoose-os:/fwbuild-volumes/2.0/apps/ex1/esp32/build_contexts/build_ctx_793651398/modules/mongoose-os -v /fwbuild-volumes/2.0/apps/ex1/esp32/build_contexts/build_ctx_793651398/libs/wifi/src:/fwbuild-volumes/2.0/apps/ex1/esp32/build_contexts/build_ctx_793651398/libs/wifi/src -v /fwbuild-volumes/2.0/apps/ex1/esp32/build_contexts/build_ctx_793651398/libs/wifi/esp32/include:/fwbuild-volumes/2.0/apps/ex1/esp32/build_contexts/build_ctx_793651398/libs/wifi/esp32/include -v /fwbuild-volumes/2.0/apps/ex1/esp32/build_contexts/build_ctx_793651398/libs/mongoose/lib/esp32:/fwbuild-volumes/2.0/apps/ex1/esp32/build_contexts/build_ctx_793651398/libs/mongoose/lib/esp32 -v /fwbuild-volumes/2.0/apps/ex1/esp32/build_contexts/build_ctx_793651398/modules/mongoose-os:/mongoose-os -v /fwbuild-volumes/2.0/apps/ex1/esp32/build_contexts/build_ctx_793651398/build/gen:/fwbuild-volumes/2.0/apps/ex1/esp32/build_contexts/build_ctx_793651398/build/gen -v /fwbuild-volumes/2.0/apps/ex1/esp32/build_contexts/build_ctx_793651398/libs/wifi/esp32/src:/fwbuild-volumes/2.0/apps/ex1/esp32/build_contexts/build_ctx_793651398/libs/wifi/esp32/src -v /fwbuild-volumes/2.0/apps/ex1/esp32/build_contexts/build_ctx_793651398/libs/mongoose/include:/fwbuild-volumes/2.0/apps/ex1/esp32/build_contexts/build_ctx_793651398/libs/mongoose/include -v /fwbuild-volumes/2.0/apps/ex1/esp32/build_contexts/build_ctx_793651398/libs/rpc-common/include:/fwbuild-volumes/2.0/apps/ex1/esp32/build_contexts/build_ctx_793651398/libs/rpc-common/include --user 0:0 docker.cesanta.com/esp32-build:3.0-rc1-r7 /bin/bash -c nice make '-j' '16' '-C' '/app' '-f' '/mongoose-os/fw/platforms/esp32/Makefile.build' 'all' 'APP_CONF_SCHEMA=/fwbuild-volumes/2.0/apps/ex1/esp32/build_contexts/build_ctx_793651398/build/gen/mos_conf_schema.yml' 'MGOS_HAVE_CA_BUNDLE=1' 'PLATFORM=esp32' 'FFI_SYMBOLS=' 'MANIFEST_FINAL=/fwbuild-volumes/2.0/apps/ex1/esp32/build_contexts/build_ctx_793651398/build/gen/mos_final.yml' 'MGOS_PATH=/mongoose-os' 'ESP_IDF_SDKCONFIG_OPTS=' 'MGOS_HAVE_RPC_SERVICE_CONFIG=1' 'APP=ex1' 'APP_VERSION=1.0' 'MGOS_HAVE_RPC_SERVICE_FS=1' 'APP_CXXFLAGS=-DMGOS_HAVE_CA_BUNDLE=1 -DMGOS_ENABLE_RPC_CHANNEL_WS=1 -DMGOS_ENABLE_SYS_SERVICE=1 -DMGOS_WIFI_ENABLE_AP_STA=1 -DMGOS_HAVE_RPC_SERVICE_FS=1 -DMGOS_HAVE_RPC_UART=1 -DMGOS_HAVE_RPC_SERVICE_CONFIG=1 -DMGOS_HAVE_WIFI=1 -DMGOS_ENABLE_RPC_CHANNEL_HTTP=1 -DMGOS_HAVE_RPC_COMMON=1 -DMGOS_HAVE_MONGOOSE=1 -DMG_ENABLE_DNS_SERVER=1' 'GEN_DIR=/fwbuild-volumes/2.0/apps/ex1/esp32/build_contexts/build_ctx_793651398/build/gen' 'APP_CFLAGS=-DMGOS_WIFI_ENABLE_AP_STA=1 -DMGOS_HAVE_RPC_SERVICE_FS=1 -DMGOS_HAVE_CA_BUNDLE=1 -DMGOS_ENABLE_RPC_CHANNEL_WS=1 -DMGOS_ENABLE_SYS_SERVICE=1 -DMGOS_HAVE_MONGOOSE=1 -DMG_ENABLE_DNS_SERVER=1 -DMGOS_HAVE_RPC_UART=1 -DMGOS_HAVE_RPC_SERVICE_CONFIG=1 -DMGOS_HAVE_WIFI=1 -DMGOS_ENABLE_RPC_CHANNEL_HTTP=1 -DMGOS_HAVE_RPC_COMMON=1' 'APP_INCLUDES=/fwbuild-volumes/2.0/apps/ex1/esp32/build_contexts/build_ctx_793651398/libs/mongoose/include /fwbuild-volumes/2.0/apps/ex1/esp32/build_contexts/build_ctx_793651398/libs/rpc-common/include/mg_rpc /fwbuild-volumes/2.0/apps/ex1/esp32/build_contexts/build_ctx_793651398/libs/rpc-common/include /fwbuild-volumes/2.0/apps/ex1/esp32/build_contexts/build_ctx_793651398/libs/rpc-service-config/include /fwbuild-volumes/2.0/apps/ex1/esp32/build_contexts/build_ctx_793651398/libs/rpc-service-fs/include /fwbuild-volumes/2.0/apps/ex1/esp32/build_contexts/build_ctx_793651398/libs/rpc-uart/include /fwbuild-volumes/2.0/apps/ex1/esp32/build_contexts/build_ctx_793651398/libs/wifi/include /fwbuild-volumes/2.0/apps/ex1/esp32/build_contexts/build_ctx_793651398/libs/wifi/esp32/include' 'MGOS_HAVE_RPC_COMMON=1' 'FW_DIR=build/fw' 'MGOS_HAVE_WIFI=1' 'APP_FS_FILES=/fwbuild-volumes/2.0/apps/ex1/esp32/build_contexts/build_ctx_793651398/libs/ca-bundle/fs/ca.pem /fwbuild-volumes/2.0/apps/ex1/esp32/build_contexts/build_ctx_793651398/fs/index.html' 'MGOS_HAVE_RPC_UART=1' 'FS_STAGING_DIR=build/fs' 'APP_BIN_LIBS=/fwbuild-volumes/2.0/apps/ex1/esp32/build_contexts/build_ctx_793651398/libs/mongoose/lib/esp32/libmongoose.a' 'BUILD_DIR=/fwbuild-volumes/2.0/apps/ex1/esp32/build_contexts/build_ctx_793651398/build/objs' 'APP_SOURCES=/fwbuild-volumes/2.0/apps/ex1/esp32/build_contexts/build_ctx_793651398/src/main.c /fwbuild-volumes/2.0/apps/ex1/esp32/build_contexts/build_ctx_793651398/build/gen/mgos_deps_init.c /fwbuild-volumes/2.0/apps/ex1/esp32/build_contexts/build_ctx_793651398/libs/ca-bundle/src/mgos_ca_bundle.c /fwbuild-volumes/2.0/apps/ex1/esp32/build_contexts/build_ctx_793651398/libs/rpc-common/src/mg_rpc/mg_rpc.c /fwbuild-volumes/2.0/apps/ex1/esp32/build_contexts/build_ctx_793651398/libs/rpc-common/src/mg_rpc/mg_rpc_channel.c /fwbuild-volumes/2.0/apps/ex1/esp32/build_contexts/build_ctx_793651398/libs/rpc-common/src/mg_rpc/mg_rpc_channel_http.c /fwbuild-volumes/2.0/apps/ex1/esp32/build_contexts/build_ctx_793651398/libs/rpc-common/src/mg_rpc/mg_rpc_channel_ws.c /fwbuild-volumes/2.0/apps/ex1/esp32/build_contexts/build_ctx_793651398/libs/rpc-common/src/mgos_rpc.c /fwbuild-volumes/2.0/apps/ex1/esp32/build_contexts/build_ctx_793651398/libs/rpc-service-config/src/mgos_service_config.c /fwbuild-volumes/2.0/apps/ex1/esp32/build_contexts/build_ctx_793651398/libs/rpc-service-fs/src/mgos_service_filesystem.c /fwbuild-volumes/2.0/apps/ex1/esp32/build_contexts/build_ctx_793651398/libs/rpc-uart/src/mgos_rpc_channel_uart.c /fwbuild-volumes/2.0/apps/ex1/esp32/build_contexts/build_ctx_793651398/libs/wifi/src/mgos_wifi.c /fwbuild-volumes/2.0/apps/ex1/esp32/build_contexts/build_ctx_793651398/libs/wifi/src/mjs_wifi.c /fwbuild-volumes/2.0/apps/ex1/esp32/build_contexts/build_ctx_793651398/libs/wifi/esp32/src/esp32_wifi.c' 'ESP_IDF_EXTRA_COMPONENTS=' 'MGOS_HAVE_MONGOOSE=1' 'MGOS_WIFI_ENABLE_AP_STA=1'
make: Entering directory '/app'
/mongoose-os/fw/platforms/esp32/Makefile.build:178: warning: overriding recipe for target 'defconfig'
/opt/Espressif/esp-idf/make/project_config.mk:71: warning: ignoring old recipe for target 'defconfig'
/mongoose-os/fw/platforms/esp32/Makefile.build:178: warning: overriding recipe for target 'menuconfig'
/opt/Espressif/esp-idf/make/project_config.mk:58: warning: ignoring old recipe for target 'menuconfig'
make[1]: Entering directory '/opt/Espressif/esp-idf/components/bootloader/subproject'
make[1]: Leaving directory '/opt/Espressif/esp-idf/components/bootloader/subproject'
  GEN    /fwbuild-volumes/2.0/apps/ex1/esp32/build_contexts/build_ctx_793651398/build/objs/fw_temp/manifest.json
  ZIP    /app/build/fw/ex1-esp32-last.zip
     Adding /fwbuild-volumes/2.0/apps/ex1/esp32/build_contexts/build_ctx_793651398/build/objs/fw_temp/bootloader.bin
     Adding /fwbuild-volumes/2.0/apps/ex1/esp32/build_contexts/build_ctx_793651398/build/objs/fw_temp/ex1.bin
     Adding /fwbuild-volumes/2.0/apps/ex1/esp32/build_contexts/build_ctx_793651398/build/objs/fw_temp/fs.img
     Adding /fwbuild-volumes/2.0/apps/ex1/esp32/build_contexts/build_ctx_793651398/build/objs/fw_temp/partitions_mgos.bin
  Built ex1/esp32 version 1.0 (20180413-235231/???)
To flash all build output, run 'make flash' or:
python /opt/Espressif/esp-idf/components/esptool_py/esptool/esptool.py --chip esp32 --port /dev/ttyUSB0 --baud 1500000 --before default_reset --after hard_reset write_flash -z --flash_mode qio --flash_freq 40m --flash_size detect 0x1000 /fwbuild-volumes/2.0/apps/ex1/esp32/build_contexts/build_ctx_793651398/build/objs/bootloader/bootloader.bin 0x10000 /fwbuild-volumes/2.0/apps/ex1/esp32/build_contexts/build_ctx_793651398/build/objs/ex1.bin 0x8000 /fwbuild-volumes/2.0/apps/ex1/esp32/build_contexts/build_ctx_793651398/build/objs/partitions_mgos.bin
make: Leaving directory '/app'
Success, built ex1/esp32 version 1.0 (20180413-235231/???).
Firmware saved to build/fw.zip
