Handling lib "rpc-service-fs"...
Handling lib "rpc-service-config"...
Handling lib "i2c"...
Handling lib "spi"...
Handling lib "rpc-uart"...
Handling lib "ca-bundle"...
The --lib flag was not given for it, checking repository
The --lib flag was not given for it, checking repository
The --lib flag was not given for it, checking repository
The --lib flag was not given for it, checking repository
The --lib flag was not given for it, checking repository
The --lib flag was not given for it, checking repository
Prebuilt binary for "i2c" already exists
Prepared local dir: "/fwbuild-volumes/2.0/apps/example-uart-c/esp32/build_contexts/build_ctx_129320520/libs/i2c"
Prebuilt binary for "ca-bundle" already exists
Prepared local dir: "/fwbuild-volumes/2.0/apps/example-uart-c/esp32/build_contexts/build_ctx_129320520/libs/ca-bundle"
Handling lib "mongoose"...
The --lib flag was not given for it, checking repository
Prebuilt binary for "rpc-uart" already exists
Prepared local dir: "/fwbuild-volumes/2.0/apps/example-uart-c/esp32/build_contexts/build_ctx_129320520/libs/rpc-uart"
Prebuilt binary for "rpc-service-config" already exists
Prepared local dir: "/fwbuild-volumes/2.0/apps/example-uart-c/esp32/build_contexts/build_ctx_129320520/libs/rpc-service-config"
Handling lib "rpc-common"...
The --lib flag was not given for it, checking repository
Lib "rpc-common" is already handled, skipping
Lib "mongoose" is already handled, skipping
Prebuilt binary for "rpc-service-fs" already exists
Prepared local dir: "/fwbuild-volumes/2.0/apps/example-uart-c/esp32/build_contexts/build_ctx_129320520/libs/rpc-service-fs"
Lib "rpc-common" is already handled, skipping
Prebuilt binary for "spi" already exists
Prepared local dir: "/fwbuild-volumes/2.0/apps/example-uart-c/esp32/build_contexts/build_ctx_129320520/libs/spi"
Lib "mongoose" is already handled, skipping
Prebuilt binary for "mongoose" already exists
Prepared local dir: "/fwbuild-volumes/2.0/apps/example-uart-c/esp32/build_contexts/build_ctx_129320520/libs/mongoose"
Falling back to sources for "rpc-common" (failed to fetch prebuilt binary: got 404 status code when accessed https://github.com/mongoose-os-libs/rpc-common/releases/download/2.0/librpc-common-esp32.a)
Prepared local dir: "/fwbuild-volumes/2.0/apps/example-uart-c/esp32/build_contexts/build_ctx_129320520/libs/rpc-common"
Lib "http-server" is optional, skipping
The flag --repo is not given, going to use mongoose-os repository
Sources: [/fwbuild-volumes/2.0/apps/example-uart-c/esp32/build_contexts/build_ctx_129320520/src/main.c /fwbuild-volumes/2.0/apps/example-uart-c/esp32/build_contexts/build_ctx_129320520/build/gen/mgos_deps_init.c /fwbuild-volumes/2.0/apps/example-uart-c/esp32/build_contexts/build_ctx_129320520/libs/ca-bundle/src/mgos_ca_bundle.c /fwbuild-volumes/2.0/apps/example-uart-c/esp32/build_contexts/build_ctx_129320520/libs/i2c/src/mgos_i2c.c /fwbuild-volumes/2.0/apps/example-uart-c/esp32/build_contexts/build_ctx_129320520/libs/i2c/esp32/src/esp32_i2c_master.c /fwbuild-volumes/2.0/apps/example-uart-c/esp32/build_contexts/build_ctx_129320520/libs/rpc-common/src/mg_rpc/mg_rpc.c /fwbuild-volumes/2.0/apps/example-uart-c/esp32/build_contexts/build_ctx_129320520/libs/rpc-common/src/mg_rpc/mg_rpc_channel.c /fwbuild-volumes/2.0/apps/example-uart-c/esp32/build_contexts/build_ctx_129320520/libs/rpc-common/src/mg_rpc/mg_rpc_channel_http.c /fwbuild-volumes/2.0/apps/example-uart-c/esp32/build_contexts/build_ctx_129320520/libs/rpc-common/src/mg_rpc/mg_rpc_channel_ws.c /fwbuild-volumes/2.0/apps/example-uart-c/esp32/build_contexts/build_ctx_129320520/libs/rpc-common/src/mgos_rpc.c /fwbuild-volumes/2.0/apps/example-uart-c/esp32/build_contexts/build_ctx_129320520/libs/rpc-service-config/src/mgos_service_config.c /fwbuild-volumes/2.0/apps/example-uart-c/esp32/build_contexts/build_ctx_129320520/libs/rpc-service-fs/src/mgos_service_filesystem.c /fwbuild-volumes/2.0/apps/example-uart-c/esp32/build_contexts/build_ctx_129320520/libs/rpc-uart/src/mgos_rpc_channel_uart.c /fwbuild-volumes/2.0/apps/example-uart-c/esp32/build_contexts/build_ctx_129320520/libs/spi/src/mgos_spi.c /fwbuild-volumes/2.0/apps/example-uart-c/esp32/build_contexts/build_ctx_129320520/libs/spi/src/mgos_spi_mjs.c /fwbuild-volumes/2.0/apps/example-uart-c/esp32/build_contexts/build_ctx_129320520/libs/spi/src/esp32/esp32_spi_master.c]
Include dirs: [/fwbuild-volumes/2.0/apps/example-uart-c/esp32/build_contexts/build_ctx_129320520/libs/mongoose/include /fwbuild-volumes/2.0/apps/example-uart-c/esp32/build_contexts/build_ctx_129320520/libs/i2c/include /fwbuild-volumes/2.0/apps/example-uart-c/esp32/build_contexts/build_ctx_129320520/libs/rpc-common/include/mg_rpc /fwbuild-volumes/2.0/apps/example-uart-c/esp32/build_contexts/build_ctx_129320520/libs/rpc-common/include /fwbuild-volumes/2.0/apps/example-uart-c/esp32/build_contexts/build_ctx_129320520/libs/rpc-service-config/include /fwbuild-volumes/2.0/apps/example-uart-c/esp32/build_contexts/build_ctx_129320520/libs/rpc-service-fs/include /fwbuild-volumes/2.0/apps/example-uart-c/esp32/build_contexts/build_ctx_129320520/libs/rpc-uart/include /fwbuild-volumes/2.0/apps/example-uart-c/esp32/build_contexts/build_ctx_129320520/libs/spi/include]
Binary libs: [/fwbuild-volumes/2.0/apps/example-uart-c/esp32/build_contexts/build_ctx_129320520/libs/mongoose/lib/esp32/libmongoose.a]
Building...
mount from "/fwbuild-volumes/2.0/apps/example-uart-c/esp32/build_contexts/build_ctx_129320520" to "/app"
mount from "/fwbuild-volumes/2.0/apps/example-uart-c/esp32/build_contexts/build_ctx_129320520/modules/mongoose-os" to "/mongoose-os"
mount from "/fwbuild-volumes/2.0/apps/example-uart-c/esp32/build_contexts/build_ctx_129320520/modules/mongoose-os" to "/fwbuild-volumes/2.0/apps/example-uart-c/esp32/build_contexts/build_ctx_129320520/modules/mongoose-os"
mount from "/fwbuild-volumes/2.0/apps/example-uart-c/esp32/build_contexts/build_ctx_129320520/build" to "/fwbuild-volumes/2.0/apps/example-uart-c/esp32/build_contexts/build_ctx_129320520/build"
mount from "/fwbuild-volumes/2.0/apps/example-uart-c/esp32/build_contexts/build_ctx_129320520/src" to "/fwbuild-volumes/2.0/apps/example-uart-c/esp32/build_contexts/build_ctx_129320520/src"
mount from "/fwbuild-volumes/2.0/apps/example-uart-c/esp32/build_contexts/build_ctx_129320520/build/gen" to "/fwbuild-volumes/2.0/apps/example-uart-c/esp32/build_contexts/build_ctx_129320520/build/gen"
mount from "/fwbuild-volumes/2.0/apps/example-uart-c/esp32/build_contexts/build_ctx_129320520/libs/ca-bundle/src" to "/fwbuild-volumes/2.0/apps/example-uart-c/esp32/build_contexts/build_ctx_129320520/libs/ca-bundle/src"
mount from "/fwbuild-volumes/2.0/apps/example-uart-c/esp32/build_contexts/build_ctx_129320520/libs/i2c/src" to "/fwbuild-volumes/2.0/apps/example-uart-c/esp32/build_contexts/build_ctx_129320520/libs/i2c/src"
mount from "/fwbuild-volumes/2.0/apps/example-uart-c/esp32/build_contexts/build_ctx_129320520/libs/i2c/esp32/src" to "/fwbuild-volumes/2.0/apps/example-uart-c/esp32/build_contexts/build_ctx_129320520/libs/i2c/esp32/src"
mount from "/fwbuild-volumes/2.0/apps/example-uart-c/esp32/build_contexts/build_ctx_129320520/libs/rpc-common/src/mg_rpc" to "/fwbuild-volumes/2.0/apps/example-uart-c/esp32/build_contexts/build_ctx_129320520/libs/rpc-common/src/mg_rpc"
mount from "/fwbuild-volumes/2.0/apps/example-uart-c/esp32/build_contexts/build_ctx_129320520/libs/rpc-common/src" to "/fwbuild-volumes/2.0/apps/example-uart-c/esp32/build_contexts/build_ctx_129320520/libs/rpc-common/src"
mount from "/fwbuild-volumes/2.0/apps/example-uart-c/esp32/build_contexts/build_ctx_129320520/libs/rpc-service-config/src" to "/fwbuild-volumes/2.0/apps/example-uart-c/esp32/build_contexts/build_ctx_129320520/libs/rpc-service-config/src"
mount from "/fwbuild-volumes/2.0/apps/example-uart-c/esp32/build_contexts/build_ctx_129320520/libs/rpc-service-fs/src" to "/fwbuild-volumes/2.0/apps/example-uart-c/esp32/build_contexts/build_ctx_129320520/libs/rpc-service-fs/src"
mount from "/fwbuild-volumes/2.0/apps/example-uart-c/esp32/build_contexts/build_ctx_129320520/libs/rpc-uart/src" to "/fwbuild-volumes/2.0/apps/example-uart-c/esp32/build_contexts/build_ctx_129320520/libs/rpc-uart/src"
mount from "/fwbuild-volumes/2.0/apps/example-uart-c/esp32/build_contexts/build_ctx_129320520/libs/spi/src" to "/fwbuild-volumes/2.0/apps/example-uart-c/esp32/build_contexts/build_ctx_129320520/libs/spi/src"
mount from "/fwbuild-volumes/2.0/apps/example-uart-c/esp32/build_contexts/build_ctx_129320520/libs/spi/src/esp32" to "/fwbuild-volumes/2.0/apps/example-uart-c/esp32/build_contexts/build_ctx_129320520/libs/spi/src/esp32"
mount from "/fwbuild-volumes/2.0/apps/example-uart-c/esp32/build_contexts/build_ctx_129320520/libs/mongoose/include" to "/fwbuild-volumes/2.0/apps/example-uart-c/esp32/build_contexts/build_ctx_129320520/libs/mongoose/include"
mount from "/fwbuild-volumes/2.0/apps/example-uart-c/esp32/build_contexts/build_ctx_129320520/libs/i2c/include" to "/fwbuild-volumes/2.0/apps/example-uart-c/esp32/build_contexts/build_ctx_129320520/libs/i2c/include"
mount from "/fwbuild-volumes/2.0/apps/example-uart-c/esp32/build_contexts/build_ctx_129320520/libs/rpc-common/include/mg_rpc" to "/fwbuild-volumes/2.0/apps/example-uart-c/esp32/build_contexts/build_ctx_129320520/libs/rpc-common/include/mg_rpc"
mount from "/fwbuild-volumes/2.0/apps/example-uart-c/esp32/build_contexts/build_ctx_129320520/libs/rpc-common/include" to "/fwbuild-volumes/2.0/apps/example-uart-c/esp32/build_contexts/build_ctx_129320520/libs/rpc-common/include"
mount from "/fwbuild-volumes/2.0/apps/example-uart-c/esp32/build_contexts/build_ctx_129320520/libs/rpc-service-config/include" to "/fwbuild-volumes/2.0/apps/example-uart-c/esp32/build_contexts/build_ctx_129320520/libs/rpc-service-config/include"
mount from "/fwbuild-volumes/2.0/apps/example-uart-c/esp32/build_contexts/build_ctx_129320520/libs/rpc-service-fs/include" to "/fwbuild-volumes/2.0/apps/example-uart-c/esp32/build_contexts/build_ctx_129320520/libs/rpc-service-fs/include"
mount from "/fwbuild-volumes/2.0/apps/example-uart-c/esp32/build_contexts/build_ctx_129320520/libs/rpc-uart/include" to "/fwbuild-volumes/2.0/apps/example-uart-c/esp32/build_contexts/build_ctx_129320520/libs/rpc-uart/include"
mount from "/fwbuild-volumes/2.0/apps/example-uart-c/esp32/build_contexts/build_ctx_129320520/libs/spi/include" to "/fwbuild-volumes/2.0/apps/example-uart-c/esp32/build_contexts/build_ctx_129320520/libs/spi/include"
mount from "/fwbuild-volumes/2.0/apps/example-uart-c/esp32/build_contexts/build_ctx_129320520/libs/ca-bundle/fs" to "/fwbuild-volumes/2.0/apps/example-uart-c/esp32/build_contexts/build_ctx_129320520/libs/ca-bundle/fs"
mount from "/fwbuild-volumes/2.0/apps/example-uart-c/esp32/build_contexts/build_ctx_129320520/libs/mongoose/lib/esp32" to "/fwbuild-volumes/2.0/apps/example-uart-c/esp32/build_contexts/build_ctx_129320520/libs/mongoose/lib/esp32"
mount from "/fwbuild-volumes/2.0/apps/example-uart-c/esp32/build_contexts/build_ctx_129320520/build/gen" to "/fwbuild-volumes/2.0/apps/example-uart-c/esp32/build_contexts/build_ctx_129320520/build/gen"
Docker arguments: run --name mos_build_2018-04-14T00-15-31-00_3626468287739204723 --rm -i -v /fwbuild-volumes/2.0/apps/example-uart-c/esp32/build_contexts/build_ctx_129320520/modules/mongoose-os:/mongoose-os -v /fwbuild-volumes/2.0/apps/example-uart-c/esp32/build_contexts/build_ctx_129320520/libs/i2c/src:/fwbuild-volumes/2.0/apps/example-uart-c/esp32/build_contexts/build_ctx_129320520/libs/i2c/src -v /fwbuild-volumes/2.0/apps/example-uart-c/esp32/build_contexts/build_ctx_129320520/libs/i2c/esp32/src:/fwbuild-volumes/2.0/apps/example-uart-c/esp32/build_contexts/build_ctx_129320520/libs/i2c/esp32/src -v /fwbuild-volumes/2.0/apps/example-uart-c/esp32/build_contexts/build_ctx_129320520/libs/spi/src:/fwbuild-volumes/2.0/apps/example-uart-c/esp32/build_contexts/build_ctx_129320520/libs/spi/src -v /fwbuild-volumes/2.0/apps/example-uart-c/esp32/build_contexts/build_ctx_129320520/libs/rpc-common/include/mg_rpc:/fwbuild-volumes/2.0/apps/example-uart-c/esp32/build_contexts/build_ctx_129320520/libs/rpc-common/include/mg_rpc -v /fwbuild-volumes/2.0/apps/example-uart-c/esp32/build_contexts/build_ctx_129320520/libs/spi/include:/fwbuild-volumes/2.0/apps/example-uart-c/esp32/build_contexts/build_ctx_129320520/libs/spi/include -v /fwbuild-volumes/2.0/apps/example-uart-c/esp32/build_contexts/build_ctx_129320520/libs/mongoose/lib/esp32:/fwbuild-volumes/2.0/apps/example-uart-c/esp32/build_contexts/build_ctx_129320520/libs/mongoose/lib/esp32 -v /fwbuild-volumes/2.0/apps/example-uart-c/esp32/build_contexts/build_ctx_129320520/src:/fwbuild-volumes/2.0/apps/example-uart-c/esp32/build_contexts/build_ctx_129320520/src -v /fwbuild-volumes/2.0/apps/example-uart-c/esp32/build_contexts/build_ctx_129320520/libs/ca-bundle/src:/fwbuild-volumes/2.0/apps/example-uart-c/esp32/build_contexts/build_ctx_129320520/libs/ca-bundle/src -v /fwbuild-volumes/2.0/apps/example-uart-c/esp32/build_contexts/build_ctx_129320520/libs/rpc-service-config/src:/fwbuild-volumes/2.0/apps/example-uart-c/esp32/build_contexts/build_ctx_129320520/libs/rpc-service-config/src -v /fwbuild-volumes/2.0/apps/example-uart-c/esp32/build_contexts/build_ctx_129320520/libs/rpc-uart/src:/fwbuild-volumes/2.0/apps/example-uart-c/esp32/build_contexts/build_ctx_129320520/libs/rpc-uart/src -v /fwbuild-volumes/2.0/apps/example-uart-c/esp32/build_contexts/build_ctx_129320520/libs/mongoose/include:/fwbuild-volumes/2.0/apps/example-uart-c/esp32/build_contexts/build_ctx_129320520/libs/mongoose/include -v /fwbuild-volumes/2.0/apps/example-uart-c/esp32/build_contexts/build_ctx_129320520/libs/i2c/include:/fwbuild-volumes/2.0/apps/example-uart-c/esp32/build_contexts/build_ctx_129320520/libs/i2c/include -v /fwbuild-volumes/2.0/apps/example-uart-c/esp32/build_contexts/build_ctx_129320520/libs/rpc-uart/include:/fwbuild-volumes/2.0/apps/example-uart-c/esp32/build_contexts/build_ctx_129320520/libs/rpc-uart/include -v /fwbuild-volumes/2.0/apps/example-uart-c/esp32/build_contexts/build_ctx_129320520/libs/ca-bundle/fs:/fwbuild-volumes/2.0/apps/example-uart-c/esp32/build_contexts/build_ctx_129320520/libs/ca-bundle/fs -v /fwbuild-volumes/2.0/apps/example-uart-c/esp32/build_contexts/build_ctx_129320520:/app -v /fwbuild-volumes/2.0/apps/example-uart-c/esp32/build_contexts/build_ctx_129320520/modules/mongoose-os:/fwbuild-volumes/2.0/apps/example-uart-c/esp32/build_contexts/build_ctx_129320520/modules/mongoose-os -v /fwbuild-volumes/2.0/apps/example-uart-c/esp32/build_contexts/build_ctx_129320520/libs/rpc-service-fs/src:/fwbuild-volumes/2.0/apps/example-uart-c/esp32/build_contexts/build_ctx_129320520/libs/rpc-service-fs/src -v /fwbuild-volumes/2.0/apps/example-uart-c/esp32/build_contexts/build_ctx_129320520/libs/spi/src/esp32:/fwbuild-volumes/2.0/apps/example-uart-c/esp32/build_contexts/build_ctx_129320520/libs/spi/src/esp32 -v /fwbuild-volumes/2.0/apps/example-uart-c/esp32/build_contexts/build_ctx_129320520/libs/rpc-common/include:/fwbuild-volumes/2.0/apps/example-uart-c/esp32/build_contexts/build_ctx_129320520/libs/rpc-common/include -v /fwbuild-volumes/2.0/apps/example-uart-c/esp32/build_contexts/build_ctx_129320520/build:/fwbuild-volumes/2.0/apps/example-uart-c/esp32/build_contexts/build_ctx_129320520/build -v /fwbuild-volumes/2.0/apps/example-uart-c/esp32/build_contexts/build_ctx_129320520/build/gen:/fwbuild-volumes/2.0/apps/example-uart-c/esp32/build_contexts/build_ctx_129320520/build/gen -v /fwbuild-volumes/2.0/apps/example-uart-c/esp32/build_contexts/build_ctx_129320520/libs/rpc-common/src/mg_rpc:/fwbuild-volumes/2.0/apps/example-uart-c/esp32/build_contexts/build_ctx_129320520/libs/rpc-common/src/mg_rpc -v /fwbuild-volumes/2.0/apps/example-uart-c/esp32/build_contexts/build_ctx_129320520/libs/rpc-common/src:/fwbuild-volumes/2.0/apps/example-uart-c/esp32/build_contexts/build_ctx_129320520/libs/rpc-common/src -v /fwbuild-volumes/2.0/apps/example-uart-c/esp32/build_contexts/build_ctx_129320520/libs/rpc-service-config/include:/fwbuild-volumes/2.0/apps/example-uart-c/esp32/build_contexts/build_ctx_129320520/libs/rpc-service-config/include -v /fwbuild-volumes/2.0/apps/example-uart-c/esp32/build_contexts/build_ctx_129320520/libs/rpc-service-fs/include:/fwbuild-volumes/2.0/apps/example-uart-c/esp32/build_contexts/build_ctx_129320520/libs/rpc-service-fs/include --user 0:0 docker.cesanta.com/esp32-build:3.0-rc1-r7 /bin/bash -c nice make '-j' '16' '-C' '/app' '-f' '/mongoose-os/fw/platforms/esp32/Makefile.build' 'all' 'APP_SOURCES=/fwbuild-volumes/2.0/apps/example-uart-c/esp32/build_contexts/build_ctx_129320520/src/main.c /fwbuild-volumes/2.0/apps/example-uart-c/esp32/build_contexts/build_ctx_129320520/build/gen/mgos_deps_init.c /fwbuild-volumes/2.0/apps/example-uart-c/esp32/build_contexts/build_ctx_129320520/libs/ca-bundle/src/mgos_ca_bundle.c /fwbuild-volumes/2.0/apps/example-uart-c/esp32/build_contexts/build_ctx_129320520/libs/i2c/src/mgos_i2c.c /fwbuild-volumes/2.0/apps/example-uart-c/esp32/build_contexts/build_ctx_129320520/libs/i2c/esp32/src/esp32_i2c_master.c /fwbuild-volumes/2.0/apps/example-uart-c/esp32/build_contexts/build_ctx_129320520/libs/rpc-common/src/mg_rpc/mg_rpc.c /fwbuild-volumes/2.0/apps/example-uart-c/esp32/build_contexts/build_ctx_129320520/libs/rpc-common/src/mg_rpc/mg_rpc_channel.c /fwbuild-volumes/2.0/apps/example-uart-c/esp32/build_contexts/build_ctx_129320520/libs/rpc-common/src/mg_rpc/mg_rpc_channel_http.c /fwbuild-volumes/2.0/apps/example-uart-c/esp32/build_contexts/build_ctx_129320520/libs/rpc-common/src/mg_rpc/mg_rpc_channel_ws.c /fwbuild-volumes/2.0/apps/example-uart-c/esp32/build_contexts/build_ctx_129320520/libs/rpc-common/src/mgos_rpc.c /fwbuild-volumes/2.0/apps/example-uart-c/esp32/build_contexts/build_ctx_129320520/libs/rpc-service-config/src/mgos_service_config.c /fwbuild-volumes/2.0/apps/example-uart-c/esp32/build_contexts/build_ctx_129320520/libs/rpc-service-fs/src/mgos_service_filesystem.c /fwbuild-volumes/2.0/apps/example-uart-c/esp32/build_contexts/build_ctx_129320520/libs/rpc-uart/src/mgos_rpc_channel_uart.c /fwbuild-volumes/2.0/apps/example-uart-c/esp32/build_contexts/build_ctx_129320520/libs/spi/src/mgos_spi.c /fwbuild-volumes/2.0/apps/example-uart-c/esp32/build_contexts/build_ctx_129320520/libs/spi/src/mgos_spi_mjs.c /fwbuild-volumes/2.0/apps/example-uart-c/esp32/build_contexts/build_ctx_129320520/libs/spi/src/esp32/esp32_spi_master.c' 'FW_DIR=build/fw' 'ESP_IDF_SDKCONFIG_OPTS=' 'MGOS_HAVE_RPC_SERVICE_FS=1' 'APP=example-uart-c' 'APP_VERSION=1.0' 'MGOS_HAVE_RPC_SERVICE_CONFIG=1' 'FS_STAGING_DIR=build/fs' 'MGOS_HAVE_I2C=1' 'MGOS_HAVE_CA_BUNDLE=1' 'APP_CFLAGS=-DMGOS_ENABLE_SYS_SERVICE=1 -DMGOS_ENABLE_RPC_CHANNEL_HTTP=1 -DMGOS_HAVE_RPC_SERVICE_CONFIG=1 -DMGOS_HAVE_RPC_SERVICE_FS=1 -DMGOS_HAVE_RPC_UART=1 -DMGOS_HAVE_CA_BUNDLE=1 -DMGOS_ENABLE_RPC_CHANNEL_WS=1 -DMGOS_HAVE_MONGOOSE=1 -DMGOS_HAVE_RPC_COMMON=1 -DMGOS_HAVE_I2C=1 -DMGOS_HAVE_SPI=1' 'APP_INCLUDES=/fwbuild-volumes/2.0/apps/example-uart-c/esp32/build_contexts/build_ctx_129320520/libs/mongoose/include /fwbuild-volumes/2.0/apps/example-uart-c/esp32/build_contexts/build_ctx_129320520/libs/i2c/include /fwbuild-volumes/2.0/apps/example-uart-c/esp32/build_contexts/build_ctx_129320520/libs/rpc-common/include/mg_rpc /fwbuild-volumes/2.0/apps/example-uart-c/esp32/build_contexts/build_ctx_129320520/libs/rpc-common/include /fwbuild-volumes/2.0/apps/example-uart-c/esp32/build_contexts/build_ctx_129320520/libs/rpc-service-config/include /fwbuild-volumes/2.0/apps/example-uart-c/esp32/build_contexts/build_ctx_129320520/libs/rpc-service-fs/include /fwbuild-volumes/2.0/apps/example-uart-c/esp32/build_contexts/build_ctx_129320520/libs/rpc-uart/include /fwbuild-volumes/2.0/apps/example-uart-c/esp32/build_contexts/build_ctx_129320520/libs/spi/include' 'MGOS_ENABLE_I2C_GPIO=0' 'MGOS_HAVE_MONGOOSE=1' 'MGOS_HAVE_SPI=1' 'BUILD_DIR=/fwbuild-volumes/2.0/apps/example-uart-c/esp32/build_contexts/build_ctx_129320520/build/objs' 'GEN_DIR=/fwbuild-volumes/2.0/apps/example-uart-c/esp32/build_contexts/build_ctx_129320520/build/gen' 'ESP_IDF_EXTRA_COMPONENTS=' 'MGOS_HAVE_RPC_COMMON=1' 'MANIFEST_FINAL=/fwbuild-volumes/2.0/apps/example-uart-c/esp32/build_contexts/build_ctx_129320520/build/gen/mos_final.yml' 'PLATFORM=esp32' 'APP_CONF_SCHEMA=/fwbuild-volumes/2.0/apps/example-uart-c/esp32/build_contexts/build_ctx_129320520/build/gen/mos_conf_schema.yml' 'MGOS_HAVE_RPC_UART=1' 'APP_CXXFLAGS=-DMGOS_HAVE_RPC_SERVICE_CONFIG=1 -DMGOS_HAVE_RPC_SERVICE_FS=1 -DMGOS_HAVE_RPC_UART=1 -DMGOS_ENABLE_SYS_SERVICE=1 -DMGOS_ENABLE_RPC_CHANNEL_HTTP=1 -DMGOS_HAVE_RPC_COMMON=1 -DMGOS_HAVE_I2C=1 -DMGOS_HAVE_SPI=1 -DMGOS_HAVE_CA_BUNDLE=1 -DMGOS_ENABLE_RPC_CHANNEL_WS=1 -DMGOS_HAVE_MONGOOSE=1' 'APP_FS_FILES=/fwbuild-volumes/2.0/apps/example-uart-c/esp32/build_contexts/build_ctx_129320520/libs/ca-bundle/fs/ca.pem' 'MGOS_ENABLE_SPI_GPIO=0' 'MGOS_PATH=/mongoose-os' 'APP_BIN_LIBS=/fwbuild-volumes/2.0/apps/example-uart-c/esp32/build_contexts/build_ctx_129320520/libs/mongoose/lib/esp32/libmongoose.a' 'FFI_SYMBOLS='
make: Entering directory '/app'
/mongoose-os/fw/platforms/esp32/Makefile.build:178: warning: overriding recipe for target 'defconfig'
/opt/Espressif/esp-idf/make/project_config.mk:71: warning: ignoring old recipe for target 'defconfig'
/mongoose-os/fw/platforms/esp32/Makefile.build:178: warning: overriding recipe for target 'menuconfig'
/opt/Espressif/esp-idf/make/project_config.mk:58: warning: ignoring old recipe for target 'menuconfig'
make[1]: Entering directory '/opt/Espressif/esp-idf/components/bootloader/subproject'
make[1]: Leaving directory '/opt/Espressif/esp-idf/components/bootloader/subproject'
  GEN    /fwbuild-volumes/2.0/apps/example-uart-c/esp32/build_contexts/build_ctx_129320520/build/objs/fw_temp/manifest.json
  ZIP    /app/build/fw/example-uart-c-esp32-last.zip
     Adding /fwbuild-volumes/2.0/apps/example-uart-c/esp32/build_contexts/build_ctx_129320520/build/objs/fw_temp/bootloader.bin
     Adding /fwbuild-volumes/2.0/apps/example-uart-c/esp32/build_contexts/build_ctx_129320520/build/objs/fw_temp/example-uart-c.bin
     Adding /fwbuild-volumes/2.0/apps/example-uart-c/esp32/build_contexts/build_ctx_129320520/build/objs/fw_temp/fs.img
     Adding /fwbuild-volumes/2.0/apps/example-uart-c/esp32/build_contexts/build_ctx_129320520/build/objs/fw_temp/partitions_mgos.bin
  Built example-uart-c/esp32 version 1.0 (20180414-000027/???)
To flash all build output, run 'make flash' or:
python /opt/Espressif/esp-idf/components/esptool_py/esptool/esptool.py --chip esp32 --port /dev/ttyUSB0 --baud 1500000 --before default_reset --after hard_reset write_flash -z --flash_mode qio --flash_freq 40m --flash_size detect 0x1000 /fwbuild-volumes/2.0/apps/example-uart-c/esp32/build_contexts/build_ctx_129320520/build/objs/bootloader/bootloader.bin 0x10000 /fwbuild-volumes/2.0/apps/example-uart-c/esp32/build_contexts/build_ctx_129320520/build/objs/example-uart-c.bin 0x8000 /fwbuild-volumes/2.0/apps/example-uart-c/esp32/build_contexts/build_ctx_129320520/build/objs/partitions_mgos.bin
make: Leaving directory '/app'
Success, built example-uart-c/esp32 version 1.0 (20180414-000027/???).
Firmware saved to build/fw.zip
